<?xml version="1.0" encoding="UTF-8"?>
<testsuite name="com.employee.Employees.EmployeesApplicationTests" tests="1" skipped="0" failures="0" errors="0" timestamp="2019-04-10T09:43:13" hostname="DIN16004586" time="0.206">
  <properties/>
  <testcase name="contextLoads" classname="com.employee.Employees.EmployeesApplicationTests" time="0.206"/>
  <system-out><![CDATA[15:13:06.247 [Test worker] DEBUG org.springframework.test.context.junit4.SpringJUnit4ClassRunner - SpringJUnit4ClassRunner constructor called with [class com.employee.Employees.EmployeesApplicationTests]
15:13:06.257 [Test worker] DEBUG org.springframework.test.context.BootstrapUtils - Instantiating CacheAwareContextLoaderDelegate from class [org.springframework.test.context.cache.DefaultCacheAwareContextLoaderDelegate]
15:13:06.271 [Test worker] DEBUG org.springframework.test.context.BootstrapUtils - Instantiating BootstrapContext using constructor [public org.springframework.test.context.support.DefaultBootstrapContext(java.lang.Class,org.springframework.test.context.CacheAwareContextLoaderDelegate)]
15:13:06.298 [Test worker] DEBUG org.springframework.test.context.BootstrapUtils - Instantiating TestContextBootstrapper for test class [com.employee.Employees.EmployeesApplicationTests] from class [org.springframework.boot.test.context.SpringBootTestContextBootstrapper]
15:13:06.322 [Test worker] INFO org.springframework.boot.test.context.SpringBootTestContextBootstrapper - Neither @ContextConfiguration nor @ContextHierarchy found for test class [com.employee.Employees.EmployeesApplicationTests], using SpringBootContextLoader
15:13:06.326 [Test worker] DEBUG org.springframework.test.context.support.AbstractContextLoader - Did not detect default resource location for test class [com.employee.Employees.EmployeesApplicationTests]: class path resource [com/employee/Employees/EmployeesApplicationTests-context.xml] does not exist
15:13:06.326 [Test worker] DEBUG org.springframework.test.context.support.AbstractContextLoader - Did not detect default resource location for test class [com.employee.Employees.EmployeesApplicationTests]: class path resource [com/employee/Employees/EmployeesApplicationTestsContext.groovy] does not exist
15:13:06.326 [Test worker] INFO org.springframework.test.context.support.AbstractContextLoader - Could not detect default resource locations for test class [com.employee.Employees.EmployeesApplicationTests]: no resource found for suffixes {-context.xml, Context.groovy}.
15:13:06.327 [Test worker] INFO org.springframework.test.context.support.AnnotationConfigContextLoaderUtils - Could not detect default configuration classes for test class [com.employee.Employees.EmployeesApplicationTests]: EmployeesApplicationTests does not declare any static, non-private, non-final, nested classes annotated with @Configuration.
15:13:06.398 [Test worker] DEBUG org.springframework.test.context.support.ActiveProfilesUtils - Could not find an 'annotation declaring class' for annotation type [org.springframework.test.context.ActiveProfiles] and class [com.employee.Employees.EmployeesApplicationTests]
15:13:06.490 [Test worker] DEBUG org.springframework.context.annotation.ClassPathScanningCandidateComponentProvider - Identified candidate component class: file [D:\Users\shuraut\Desktop\spring-boot-service\swagger-employee-application\build\classes\java\main\com\employee\Employees\EmployeesApplication.class]
15:13:06.506 [Test worker] INFO org.springframework.boot.test.context.SpringBootTestContextBootstrapper - Found @SpringBootConfiguration com.employee.Employees.EmployeesApplication for test class com.employee.Employees.EmployeesApplicationTests
15:13:06.723 [Test worker] DEBUG org.springframework.boot.test.context.SpringBootTestContextBootstrapper - @TestExecutionListeners is not present for class [com.employee.Employees.EmployeesApplicationTests]: using defaults.
15:13:06.724 [Test worker] INFO org.springframework.boot.test.context.SpringBootTestContextBootstrapper - Loaded default TestExecutionListener class names from location [META-INF/spring.factories]: [org.springframework.boot.test.autoconfigure.restdocs.RestDocsTestExecutionListener, org.springframework.boot.test.autoconfigure.web.client.MockRestServiceServerResetTestExecutionListener, org.springframework.boot.test.autoconfigure.web.servlet.MockMvcPrintOnlyOnFailureTestExecutionListener, org.springframework.boot.test.autoconfigure.web.servlet.WebDriverTestExecutionListener, org.springframework.boot.test.mock.mockito.MockitoTestExecutionListener, org.springframework.boot.test.mock.mockito.ResetMocksTestExecutionListener, org.springframework.test.context.web.ServletTestExecutionListener, org.springframework.test.context.support.DirtiesContextBeforeModesTestExecutionListener, org.springframework.test.context.support.DependencyInjectionTestExecutionListener, org.springframework.test.context.support.DirtiesContextTestExecutionListener, org.springframework.test.context.transaction.TransactionalTestExecutionListener, org.springframework.test.context.jdbc.SqlScriptsTestExecutionListener]
15:13:06.745 [Test worker] DEBUG org.springframework.boot.test.context.SpringBootTestContextBootstrapper - Skipping candidate TestExecutionListener [org.springframework.test.context.transaction.TransactionalTestExecutionListener] due to a missing dependency. Specify custom listener classes or make the default listener classes and their required dependencies available. Offending class: [org/springframework/transaction/interceptor/TransactionAttributeSource]
15:13:06.746 [Test worker] DEBUG org.springframework.boot.test.context.SpringBootTestContextBootstrapper - Skipping candidate TestExecutionListener [org.springframework.test.context.jdbc.SqlScriptsTestExecutionListener] due to a missing dependency. Specify custom listener classes or make the default listener classes and their required dependencies available. Offending class: [org/springframework/transaction/interceptor/TransactionAttribute]
15:13:06.747 [Test worker] INFO org.springframework.boot.test.context.SpringBootTestContextBootstrapper - Using TestExecutionListeners: [org.springframework.test.context.web.ServletTestExecutionListener@61142cb, org.springframework.test.context.support.DirtiesContextBeforeModesTestExecutionListener@7ea768, org.springframework.boot.test.mock.mockito.MockitoTestExecutionListener@a2555b5, org.springframework.boot.test.autoconfigure.SpringBootDependencyInjectionTestExecutionListener@739a6aa3, org.springframework.test.context.support.DirtiesContextTestExecutionListener@7f116901, org.springframework.boot.test.autoconfigure.restdocs.RestDocsTestExecutionListener@a21c46c, org.springframework.boot.test.autoconfigure.web.client.MockRestServiceServerResetTestExecutionListener@2a09b060, org.springframework.boot.test.autoconfigure.web.servlet.MockMvcPrintOnlyOnFailureTestExecutionListener@ae618f0, org.springframework.boot.test.autoconfigure.web.servlet.WebDriverTestExecutionListener@7e4b31cc, org.springframework.boot.test.mock.mockito.ResetMocksTestExecutionListener@7a4d98cd]
15:13:06.751 [Test worker] DEBUG org.springframework.test.annotation.ProfileValueUtils - Retrieved @ProfileValueSourceConfiguration [null] for test class [com.employee.Employees.EmployeesApplicationTests]
15:13:06.751 [Test worker] DEBUG org.springframework.test.annotation.ProfileValueUtils - Retrieved ProfileValueSource type [class org.springframework.test.annotation.SystemProfileValueSource] for class [com.employee.Employees.EmployeesApplicationTests]
15:13:06.752 [Test worker] DEBUG org.springframework.test.annotation.ProfileValueUtils - Retrieved @ProfileValueSourceConfiguration [null] for test class [com.employee.Employees.EmployeesApplicationTests]
15:13:06.752 [Test worker] DEBUG org.springframework.test.annotation.ProfileValueUtils - Retrieved ProfileValueSource type [class org.springframework.test.annotation.SystemProfileValueSource] for class [com.employee.Employees.EmployeesApplicationTests]
15:13:06.758 [Test worker] DEBUG org.springframework.test.context.support.AbstractDirtiesContextTestExecutionListener - Before test class: context [DefaultTestContext@725bada testClass = EmployeesApplicationTests, testInstance = [null], testMethod = [null], testException = [null], mergedContextConfiguration = [WebMergedContextConfiguration@a37b686 testClass = EmployeesApplicationTests, locations = '{}', classes = '{class com.employee.Employees.EmployeesApplication}', contextInitializerClasses = '[]', activeProfiles = '{}', propertySourceLocations = '{}', propertySourceProperties = '{org.springframework.boot.test.context.SpringBootTestContextBootstrapper=true}', contextCustomizers = set[org.springframework.boot.test.autoconfigure.properties.PropertyMappingContextCustomizer@0, org.springframework.boot.test.autoconfigure.web.servlet.WebDriverContextCustomizerFactory$Customizer@4660539f, org.springframework.boot.test.context.filter.ExcludeFilterContextCustomizer@63d59ef, org.springframework.boot.test.json.DuplicateJsonObjectContextCustomizerFactory$DuplicateJsonObjectContextCustomizer@541ef614, org.springframework.boot.test.mock.mockito.MockitoContextCustomizer@0, org.springframework.boot.test.web.client.TestRestTemplateContextCustomizer@3370947a], resourceBasePath = 'src/main/webapp', contextLoader = 'org.springframework.boot.test.context.SpringBootContextLoader', parent = [null]], attributes = map['org.springframework.test.context.web.ServletTestExecutionListener.activateListener' -> true]], class annotated with @DirtiesContext [false] with mode [null].
15:13:06.759 [Test worker] DEBUG org.springframework.test.annotation.ProfileValueUtils - Retrieved @ProfileValueSourceConfiguration [null] for test class [com.employee.Employees.EmployeesApplicationTests]
15:13:06.759 [Test worker] DEBUG org.springframework.test.annotation.ProfileValueUtils - Retrieved ProfileValueSource type [class org.springframework.test.annotation.SystemProfileValueSource] for class [com.employee.Employees.EmployeesApplicationTests]
15:13:06.780 [Test worker] DEBUG org.springframework.test.context.support.TestPropertySourceUtils - Adding inlined properties to environment: {spring.jmx.enabled=false, org.springframework.boot.test.context.SpringBootTestContextBootstrapper=true, server.port=-1}

  .   ____          _            __ _ _
 /\\ / ___'_ __ _ _(_)_ __  __ _ \ \ \ \
( ( )\___ | '_ | '_| | '_ \/ _` | \ \ \ \
 \\/  ___)| |_)| | | | | || (_| |  ) ) ) )
  '  |____| .__|_| |_|_| |_\__, | / / / /
 =========|_|==============|___/=/_/_/_/
 :: Spring Boot ::        (v2.1.3.RELEASE)

2019-04-10 15:13:07,571 INFO  com.employee.Employees.EmployeesApplicationTests : Starting EmployeesApplicationTests on DIN16004586 with PID 10556 (started by shuraut in D:\Users\shuraut\Desktop\spring-boot-service\swagger-employee-application)
2019-04-10 15:13:07,573 INFO  com.employee.Employees.EmployeesApplicationTests : No active profile set, falling back to default profiles: default
2019-04-10 15:13:13,395 INFO  org.springframework.scheduling.concurrent.ThreadPoolTaskExecutor : Initializing ExecutorService 'applicationTaskExecutor'
2019-04-10 15:13:13,737 INFO  springfox.documentation.spring.web.plugins.DocumentationPluginsBootstrapper : Context refreshed
2019-04-10 15:13:13,760 INFO  springfox.documentation.spring.web.plugins.DocumentationPluginsBootstrapper : Found 1 custom documentation plugin(s)
2019-04-10 15:13:13,774 INFO  springfox.documentation.spring.web.scanners.ApiListingReferenceScanner : Scanning for api listing references
2019-04-10 15:13:13,944 INFO  com.employee.Employees.EmployeesApplicationTests : Started EmployeesApplicationTests in 7.155 seconds (JVM running for 9.036)
]]></system-out>
  <system-err><![CDATA[]]></system-err>
</testsuite>
