<?xml version="1.0" encoding="UTF-8"?>
<testsuite name="com.employee.Employees.EmployeesApplicationTests" tests="1" skipped="0" failures="0" errors="0" timestamp="2019-04-05T12:00:48" hostname="DIN16000978" time="0.441">
  <properties/>
  <testcase name="contextLoads" classname="com.employee.Employees.EmployeesApplicationTests" time="0.441"/>
  <system-out><![CDATA[17:30:35.592 [Test worker] DEBUG org.springframework.test.context.junit4.SpringJUnit4ClassRunner - SpringJUnit4ClassRunner constructor called with [class com.employee.Employees.EmployeesApplicationTests]
17:30:36.054 [Test worker] DEBUG org.springframework.test.context.BootstrapUtils - Instantiating CacheAwareContextLoaderDelegate from class [org.springframework.test.context.cache.DefaultCacheAwareContextLoaderDelegate]
17:30:36.080 [Test worker] DEBUG org.springframework.test.context.BootstrapUtils - Instantiating BootstrapContext using constructor [public org.springframework.test.context.support.DefaultBootstrapContext(java.lang.Class,org.springframework.test.context.CacheAwareContextLoaderDelegate)]
17:30:36.119 [Test worker] DEBUG org.springframework.test.context.BootstrapUtils - Instantiating TestContextBootstrapper for test class [com.employee.Employees.EmployeesApplicationTests] from class [org.springframework.boot.test.context.SpringBootTestContextBootstrapper]
17:30:36.167 [Test worker] INFO org.springframework.boot.test.context.SpringBootTestContextBootstrapper - Neither @ContextConfiguration nor @ContextHierarchy found for test class [com.employee.Employees.EmployeesApplicationTests], using SpringBootContextLoader
17:30:36.213 [Test worker] DEBUG org.springframework.test.context.support.AbstractContextLoader - Did not detect default resource location for test class [com.employee.Employees.EmployeesApplicationTests]: class path resource [com/employee/Employees/EmployeesApplicationTests-context.xml] does not exist
17:30:36.214 [Test worker] DEBUG org.springframework.test.context.support.AbstractContextLoader - Did not detect default resource location for test class [com.employee.Employees.EmployeesApplicationTests]: class path resource [com/employee/Employees/EmployeesApplicationTestsContext.groovy] does not exist
17:30:36.214 [Test worker] INFO org.springframework.test.context.support.AbstractContextLoader - Could not detect default resource locations for test class [com.employee.Employees.EmployeesApplicationTests]: no resource found for suffixes {-context.xml, Context.groovy}.
17:30:36.216 [Test worker] INFO org.springframework.test.context.support.AnnotationConfigContextLoaderUtils - Could not detect default configuration classes for test class [com.employee.Employees.EmployeesApplicationTests]: EmployeesApplicationTests does not declare any static, non-private, non-final, nested classes annotated with @Configuration.
17:30:36.440 [Test worker] DEBUG org.springframework.test.context.support.ActiveProfilesUtils - Could not find an 'annotation declaring class' for annotation type [org.springframework.test.context.ActiveProfiles] and class [com.employee.Employees.EmployeesApplicationTests]
17:30:36.874 [Test worker] DEBUG org.springframework.context.annotation.ClassPathScanningCandidateComponentProvider - Identified candidate component class: file [C:\Users\shuraut\Downloads\Employees\build\classes\java\main\com\employee\Employees\EmployeesApplication.class]
17:30:36.907 [Test worker] INFO org.springframework.boot.test.context.SpringBootTestContextBootstrapper - Found @SpringBootConfiguration com.employee.Employees.EmployeesApplication for test class com.employee.Employees.EmployeesApplicationTests
17:30:37.198 [Test worker] DEBUG org.springframework.boot.test.context.SpringBootTestContextBootstrapper - @TestExecutionListeners is not present for class [com.employee.Employees.EmployeesApplicationTests]: using defaults.
17:30:37.199 [Test worker] INFO org.springframework.boot.test.context.SpringBootTestContextBootstrapper - Loaded default TestExecutionListener class names from location [META-INF/spring.factories]: [org.springframework.boot.test.autoconfigure.restdocs.RestDocsTestExecutionListener, org.springframework.boot.test.autoconfigure.web.client.MockRestServiceServerResetTestExecutionListener, org.springframework.boot.test.autoconfigure.web.servlet.MockMvcPrintOnlyOnFailureTestExecutionListener, org.springframework.boot.test.autoconfigure.web.servlet.WebDriverTestExecutionListener, org.springframework.boot.test.mock.mockito.MockitoTestExecutionListener, org.springframework.boot.test.mock.mockito.ResetMocksTestExecutionListener, org.springframework.test.context.web.ServletTestExecutionListener, org.springframework.test.context.support.DirtiesContextBeforeModesTestExecutionListener, org.springframework.test.context.support.DependencyInjectionTestExecutionListener, org.springframework.test.context.support.DirtiesContextTestExecutionListener, org.springframework.test.context.transaction.TransactionalTestExecutionListener, org.springframework.test.context.jdbc.SqlScriptsTestExecutionListener]
17:30:37.240 [Test worker] DEBUG org.springframework.boot.test.context.SpringBootTestContextBootstrapper - Skipping candidate TestExecutionListener [org.springframework.test.context.transaction.TransactionalTestExecutionListener] due to a missing dependency. Specify custom listener classes or make the default listener classes and their required dependencies available. Offending class: [org/springframework/transaction/interceptor/TransactionAttributeSource]
17:30:37.242 [Test worker] DEBUG org.springframework.boot.test.context.SpringBootTestContextBootstrapper - Skipping candidate TestExecutionListener [org.springframework.test.context.jdbc.SqlScriptsTestExecutionListener] due to a missing dependency. Specify custom listener classes or make the default listener classes and their required dependencies available. Offending class: [org/springframework/transaction/interceptor/TransactionAttribute]
17:30:37.243 [Test worker] INFO org.springframework.boot.test.context.SpringBootTestContextBootstrapper - Using TestExecutionListeners: [org.springframework.test.context.web.ServletTestExecutionListener@6cee7614, org.springframework.test.context.support.DirtiesContextBeforeModesTestExecutionListener@735878ec, org.springframework.boot.test.mock.mockito.MockitoTestExecutionListener@19628284, org.springframework.boot.test.autoconfigure.SpringBootDependencyInjectionTestExecutionListener@16ab5b4d, org.springframework.test.context.support.DirtiesContextTestExecutionListener@9ead15a, org.springframework.boot.test.autoconfigure.restdocs.RestDocsTestExecutionListener@39c55793, org.springframework.boot.test.autoconfigure.web.client.MockRestServiceServerResetTestExecutionListener@34be948d, org.springframework.boot.test.autoconfigure.web.servlet.MockMvcPrintOnlyOnFailureTestExecutionListener@7883c064, org.springframework.boot.test.autoconfigure.web.servlet.WebDriverTestExecutionListener@27bcbe2f, org.springframework.boot.test.mock.mockito.ResetMocksTestExecutionListener@34561c84]
17:30:37.250 [Test worker] DEBUG org.springframework.test.annotation.ProfileValueUtils - Retrieved @ProfileValueSourceConfiguration [null] for test class [com.employee.Employees.EmployeesApplicationTests]
17:30:37.250 [Test worker] DEBUG org.springframework.test.annotation.ProfileValueUtils - Retrieved ProfileValueSource type [class org.springframework.test.annotation.SystemProfileValueSource] for class [com.employee.Employees.EmployeesApplicationTests]
17:30:37.252 [Test worker] DEBUG org.springframework.test.annotation.ProfileValueUtils - Retrieved @ProfileValueSourceConfiguration [null] for test class [com.employee.Employees.EmployeesApplicationTests]
17:30:37.253 [Test worker] DEBUG org.springframework.test.annotation.ProfileValueUtils - Retrieved ProfileValueSource type [class org.springframework.test.annotation.SystemProfileValueSource] for class [com.employee.Employees.EmployeesApplicationTests]
17:30:37.263 [Test worker] DEBUG org.springframework.test.context.support.AbstractDirtiesContextTestExecutionListener - Before test class: context [DefaultTestContext@6cef7a23 testClass = EmployeesApplicationTests, testInstance = [null], testMethod = [null], testException = [null], mergedContextConfiguration = [WebMergedContextConfiguration@6774867a testClass = EmployeesApplicationTests, locations = '{}', classes = '{class com.employee.Employees.EmployeesApplication}', contextInitializerClasses = '[]', activeProfiles = '{}', propertySourceLocations = '{}', propertySourceProperties = '{org.springframework.boot.test.context.SpringBootTestContextBootstrapper=true}', contextCustomizers = set[org.springframework.boot.test.autoconfigure.properties.PropertyMappingContextCustomizer@0, org.springframework.boot.test.autoconfigure.web.servlet.WebDriverContextCustomizerFactory$Customizer@1ba27a40, org.springframework.boot.test.context.filter.ExcludeFilterContextCustomizer@70988ef5, org.springframework.boot.test.json.DuplicateJsonObjectContextCustomizerFactory$DuplicateJsonObjectContextCustomizer@67b6df7c, org.springframework.boot.test.mock.mockito.MockitoContextCustomizer@0, org.springframework.boot.test.web.client.TestRestTemplateContextCustomizer@38f4dc42], resourceBasePath = 'src/main/webapp', contextLoader = 'org.springframework.boot.test.context.SpringBootContextLoader', parent = [null]], attributes = map['org.springframework.test.context.web.ServletTestExecutionListener.activateListener' -> true]], class annotated with @DirtiesContext [false] with mode [null].
17:30:37.264 [Test worker] DEBUG org.springframework.test.annotation.ProfileValueUtils - Retrieved @ProfileValueSourceConfiguration [null] for test class [com.employee.Employees.EmployeesApplicationTests]
17:30:37.265 [Test worker] DEBUG org.springframework.test.annotation.ProfileValueUtils - Retrieved ProfileValueSource type [class org.springframework.test.annotation.SystemProfileValueSource] for class [com.employee.Employees.EmployeesApplicationTests]
17:30:37.305 [Test worker] DEBUG org.springframework.test.context.support.TestPropertySourceUtils - Adding inlined properties to environment: {spring.jmx.enabled=false, org.springframework.boot.test.context.SpringBootTestContextBootstrapper=true, server.port=-1}

  .   ____          _            __ _ _
 /\\ / ___'_ __ _ _(_)_ __  __ _ \ \ \ \
( ( )\___ | '_ | '_| | '_ \/ _` | \ \ \ \
 \\/  ___)| |_)| | | | | || (_| |  ) ) ) )
  '  |____| .__|_| |_|_| |_\__, | / / / /
 =========|_|==============|___/=/_/_/_/
 :: Spring Boot ::        (v2.1.3.RELEASE)

2019-04-05 17:30:40.497  INFO 18772 --- [    Test worker] c.e.Employees.EmployeesApplicationTests  : Starting EmployeesApplicationTests on DIN16000978 with PID 18772 (started by shuraut in C:\Users\shuraut\Downloads\Employees)
2019-04-05 17:30:40.500  INFO 18772 --- [    Test worker] c.e.Employees.EmployeesApplicationTests  : No active profile set, falling back to default profiles: default
2019-04-05 17:30:46.994  INFO 18772 --- [    Test worker] o.s.s.concurrent.ThreadPoolTaskExecutor  : Initializing ExecutorService 'applicationTaskExecutor'
2019-04-05 17:30:47.769  INFO 18772 --- [    Test worker] d.s.w.p.DocumentationPluginsBootstrapper : Context refreshed
2019-04-05 17:30:47.815  INFO 18772 --- [    Test worker] d.s.w.p.DocumentationPluginsBootstrapper : Found 1 custom documentation plugin(s)
2019-04-05 17:30:47.842  INFO 18772 --- [    Test worker] s.d.s.w.s.ApiListingReferenceScanner     : Scanning for api listing references
2019-04-05 17:30:48.290  INFO 18772 --- [    Test worker] c.e.Employees.EmployeesApplicationTests  : Started EmployeesApplicationTests in 10.969 seconds (JVM running for 17.628)
]]></system-out>
  <system-err><![CDATA[]]></system-err>
</testsuite>
