<?xml version="1.0" encoding="UTF-8"?>
<testsuite name="com.employee.Employees.EmployeesApplicationTests" tests="1" skipped="0" failures="0" errors="0" timestamp="2019-04-10T09:59:54" hostname="DIN16004586" time="0.488">
  <properties/>
  <testcase name="contextLoads" classname="com.employee.Employees.EmployeesApplicationTests" time="0.488"/>
  <system-out><![CDATA[15:29:48.584 [Test worker] DEBUG org.springframework.test.context.junit4.SpringJUnit4ClassRunner - SpringJUnit4ClassRunner constructor called with [class com.employee.Employees.EmployeesApplicationTests]
15:29:48.593 [Test worker] DEBUG org.springframework.test.context.BootstrapUtils - Instantiating CacheAwareContextLoaderDelegate from class [org.springframework.test.context.cache.DefaultCacheAwareContextLoaderDelegate]
15:29:48.605 [Test worker] DEBUG org.springframework.test.context.BootstrapUtils - Instantiating BootstrapContext using constructor [public org.springframework.test.context.support.DefaultBootstrapContext(java.lang.Class,org.springframework.test.context.CacheAwareContextLoaderDelegate)]
15:29:48.625 [Test worker] DEBUG org.springframework.test.context.BootstrapUtils - Instantiating TestContextBootstrapper for test class [com.employee.Employees.EmployeesApplicationTests] from class [org.springframework.boot.test.context.SpringBootTestContextBootstrapper]
15:29:48.644 [Test worker] INFO org.springframework.boot.test.context.SpringBootTestContextBootstrapper - Neither @ContextConfiguration nor @ContextHierarchy found for test class [com.employee.Employees.EmployeesApplicationTests], using SpringBootContextLoader
15:29:48.648 [Test worker] DEBUG org.springframework.test.context.support.AbstractContextLoader - Did not detect default resource location for test class [com.employee.Employees.EmployeesApplicationTests]: class path resource [com/employee/Employees/EmployeesApplicationTests-context.xml] does not exist
15:29:48.648 [Test worker] DEBUG org.springframework.test.context.support.AbstractContextLoader - Did not detect default resource location for test class [com.employee.Employees.EmployeesApplicationTests]: class path resource [com/employee/Employees/EmployeesApplicationTestsContext.groovy] does not exist
15:29:48.648 [Test worker] INFO org.springframework.test.context.support.AbstractContextLoader - Could not detect default resource locations for test class [com.employee.Employees.EmployeesApplicationTests]: no resource found for suffixes {-context.xml, Context.groovy}.
15:29:48.649 [Test worker] INFO org.springframework.test.context.support.AnnotationConfigContextLoaderUtils - Could not detect default configuration classes for test class [com.employee.Employees.EmployeesApplicationTests]: EmployeesApplicationTests does not declare any static, non-private, non-final, nested classes annotated with @Configuration.
15:29:48.711 [Test worker] DEBUG org.springframework.test.context.support.ActiveProfilesUtils - Could not find an 'annotation declaring class' for annotation type [org.springframework.test.context.ActiveProfiles] and class [com.employee.Employees.EmployeesApplicationTests]
15:29:48.790 [Test worker] DEBUG org.springframework.context.annotation.ClassPathScanningCandidateComponentProvider - Identified candidate component class: file [D:\Users\shuraut\Desktop\spring-boot-service\swagger-employee-application\build\classes\java\main\com\employee\Employees\EmployeesApplication.class]
15:29:48.805 [Test worker] INFO org.springframework.boot.test.context.SpringBootTestContextBootstrapper - Found @SpringBootConfiguration com.employee.Employees.EmployeesApplication for test class com.employee.Employees.EmployeesApplicationTests
15:29:48.913 [Test worker] DEBUG org.springframework.boot.test.context.SpringBootTestContextBootstrapper - @TestExecutionListeners is not present for class [com.employee.Employees.EmployeesApplicationTests]: using defaults.
15:29:48.914 [Test worker] INFO org.springframework.boot.test.context.SpringBootTestContextBootstrapper - Loaded default TestExecutionListener class names from location [META-INF/spring.factories]: [org.springframework.boot.test.autoconfigure.restdocs.RestDocsTestExecutionListener, org.springframework.boot.test.autoconfigure.web.client.MockRestServiceServerResetTestExecutionListener, org.springframework.boot.test.autoconfigure.web.servlet.MockMvcPrintOnlyOnFailureTestExecutionListener, org.springframework.boot.test.autoconfigure.web.servlet.WebDriverTestExecutionListener, org.springframework.boot.test.mock.mockito.MockitoTestExecutionListener, org.springframework.boot.test.mock.mockito.ResetMocksTestExecutionListener, org.springframework.test.context.web.ServletTestExecutionListener, org.springframework.test.context.support.DirtiesContextBeforeModesTestExecutionListener, org.springframework.test.context.support.DependencyInjectionTestExecutionListener, org.springframework.test.context.support.DirtiesContextTestExecutionListener, org.springframework.test.context.transaction.TransactionalTestExecutionListener, org.springframework.test.context.jdbc.SqlScriptsTestExecutionListener]
15:29:48.940 [Test worker] INFO org.springframework.boot.test.context.SpringBootTestContextBootstrapper - Using TestExecutionListeners: [org.springframework.test.context.web.ServletTestExecutionListener@fcff6d4, org.springframework.test.context.support.DirtiesContextBeforeModesTestExecutionListener@1abf2140, org.springframework.boot.test.mock.mockito.MockitoTestExecutionListener@68127711, org.springframework.boot.test.autoconfigure.SpringBootDependencyInjectionTestExecutionListener@4c75d90, org.springframework.test.context.support.DirtiesContextTestExecutionListener@744e728a, org.springframework.test.context.transaction.TransactionalTestExecutionListener@1718f862, org.springframework.test.context.jdbc.SqlScriptsTestExecutionListener@6cc9af6f, org.springframework.boot.test.autoconfigure.restdocs.RestDocsTestExecutionListener@52dc54bb, org.springframework.boot.test.autoconfigure.web.client.MockRestServiceServerResetTestExecutionListener@5581a648, org.springframework.boot.test.autoconfigure.web.servlet.MockMvcPrintOnlyOnFailureTestExecutionListener@58a8f72, org.springframework.boot.test.autoconfigure.web.servlet.WebDriverTestExecutionListener@2419ea7b, org.springframework.boot.test.mock.mockito.ResetMocksTestExecutionListener@14d01bcf]
15:29:48.943 [Test worker] DEBUG org.springframework.test.annotation.ProfileValueUtils - Retrieved @ProfileValueSourceConfiguration [null] for test class [com.employee.Employees.EmployeesApplicationTests]
15:29:48.944 [Test worker] DEBUG org.springframework.test.annotation.ProfileValueUtils - Retrieved ProfileValueSource type [class org.springframework.test.annotation.SystemProfileValueSource] for class [com.employee.Employees.EmployeesApplicationTests]
15:29:48.944 [Test worker] DEBUG org.springframework.test.annotation.ProfileValueUtils - Retrieved @ProfileValueSourceConfiguration [null] for test class [com.employee.Employees.EmployeesApplicationTests]
15:29:48.945 [Test worker] DEBUG org.springframework.test.annotation.ProfileValueUtils - Retrieved ProfileValueSource type [class org.springframework.test.annotation.SystemProfileValueSource] for class [com.employee.Employees.EmployeesApplicationTests]
15:29:48.949 [Test worker] DEBUG org.springframework.test.context.support.AbstractDirtiesContextTestExecutionListener - Before test class: context [DefaultTestContext@635bd897 testClass = EmployeesApplicationTests, testInstance = [null], testMethod = [null], testException = [null], mergedContextConfiguration = [WebMergedContextConfiguration@692812e2 testClass = EmployeesApplicationTests, locations = '{}', classes = '{class com.employee.Employees.EmployeesApplication}', contextInitializerClasses = '[]', activeProfiles = '{}', propertySourceLocations = '{}', propertySourceProperties = '{org.springframework.boot.test.context.SpringBootTestContextBootstrapper=true}', contextCustomizers = set[org.springframework.boot.test.autoconfigure.properties.PropertyMappingContextCustomizer@0, org.springframework.boot.test.autoconfigure.web.servlet.WebDriverContextCustomizerFactory$Customizer@26883c3e, org.springframework.boot.test.context.filter.ExcludeFilterContextCustomizer@62eabec1, org.springframework.boot.test.json.DuplicateJsonObjectContextCustomizerFactory$DuplicateJsonObjectContextCustomizer@322a30ae, org.springframework.boot.test.mock.mockito.MockitoContextCustomizer@0, org.springframework.boot.test.web.client.TestRestTemplateContextCustomizer@25d09a98], resourceBasePath = 'src/main/webapp', contextLoader = 'org.springframework.boot.test.context.SpringBootContextLoader', parent = [null]], attributes = map['org.springframework.test.context.web.ServletTestExecutionListener.activateListener' -> true]], class annotated with @DirtiesContext [false] with mode [null].
15:29:48.950 [Test worker] DEBUG org.springframework.test.annotation.ProfileValueUtils - Retrieved @ProfileValueSourceConfiguration [null] for test class [com.employee.Employees.EmployeesApplicationTests]
15:29:48.950 [Test worker] DEBUG org.springframework.test.annotation.ProfileValueUtils - Retrieved ProfileValueSource type [class org.springframework.test.annotation.SystemProfileValueSource] for class [com.employee.Employees.EmployeesApplicationTests]
15:29:48.971 [Test worker] DEBUG org.springframework.test.context.support.TestPropertySourceUtils - Adding inlined properties to environment: {spring.jmx.enabled=false, org.springframework.boot.test.context.SpringBootTestContextBootstrapper=true, server.port=-1}

  .   ____          _            __ _ _
 /\\ / ___'_ __ _ _(_)_ __  __ _ \ \ \ \
( ( )\___ | '_ | '_| | '_ \/ _` | \ \ \ \
 \\/  ___)| |_)| | | | | || (_| |  ) ) ) )
  '  |____| .__|_| |_|_| |_\__, | / / / /
 =========|_|==============|___/=/_/_/_/
 :: Spring Boot ::        (v2.1.3.RELEASE)

2019-04-10 15:29:49,435 INFO  com.employee.Employees.EmployeesApplicationTests : Starting EmployeesApplicationTests on DIN16004586 with PID 11044 (started by shuraut in D:\Users\shuraut\Desktop\spring-boot-service\swagger-employee-application)
2019-04-10 15:29:49,439 INFO  com.employee.Employees.EmployeesApplicationTests : No active profile set, falling back to default profiles: default
2019-04-10 15:29:51,888 INFO  org.springframework.context.support.PostProcessorRegistrationDelegate$BeanPostProcessorChecker : Bean 'org.springframework.kafka.annotation.KafkaBootstrapConfiguration' of type [org.springframework.kafka.annotation.KafkaBootstrapConfiguration$$EnhancerBySpringCGLIB$$be230c2] is not eligible for getting processed by all BeanPostProcessors (for example: not eligible for auto-proxying)
2019-04-10 15:29:53,573 INFO  org.springframework.scheduling.concurrent.ThreadPoolTaskExecutor : Initializing ExecutorService 'applicationTaskExecutor'
2019-04-10 15:29:54,018 INFO  springfox.documentation.spring.web.plugins.DocumentationPluginsBootstrapper : Context refreshed
2019-04-10 15:29:54,042 INFO  springfox.documentation.spring.web.plugins.DocumentationPluginsBootstrapper : Found 1 custom documentation plugin(s)
2019-04-10 15:29:54,057 INFO  springfox.documentation.spring.web.scanners.ApiListingReferenceScanner : Scanning for api listing references
2019-04-10 15:29:54,271 INFO  com.employee.Employees.EmployeesApplicationTests : Started EmployeesApplicationTests in 5.291 seconds (JVM running for 7.102)
]]></system-out>
  <system-err><![CDATA[]]></system-err>
</testsuite>
